<?xml version="1.0" encoding="UTF-8"?>
<TestRun id="4f1a9c96-6570-430a-9c7c-5d1670dfc16f" name="ChrisO@CHRISORTMAN 2010-05-21 09:25:29" runUser="INNSYS\ChrisO" xmlns="http://microsoft.com/schemas/VisualStudio/TeamTest/2010">
  <TestSettings name="Local" id="0aba6468-b473-456a-a922-b5a74a61eff7">
    <Description>These are default test settings for a local test run.</Description>
    <Deployment enabled="false" runDeploymentRoot="ChrisO_CHRISORTMAN 2010-05-21 09_25_29">
      <DeploymentItem filename="C:\OSS\MvcIntegrationTest\src\MvcIntegrationTestFramework\bin\Debug\MvcIntegrationTestFramework.dll" />
    </Deployment>
    <Execution>
      <TestTypeSpecific />
      <AgentRule name="Execution Agents">
      </AgentRule>
    </Execution>
  </TestSettings>
  <Times creation="2010-05-21T09:25:29.3498081-05:00" queuing="2010-05-21T09:25:29.5678299-05:00" start="2010-05-21T09:25:29.6098341-05:00" finish="2010-05-21T09:25:31.0009732-05:00" />
  <ResultSummary outcome="Failed">
    <Counters total="1" executed="1" error="0" failed="1" timeout="0" aborted="0" inconclusive="0" passedButRunAborted="0" notRunnable="0" notExecuted="0" disconnected="0" warning="0" passed="0" completed="0" inProgress="0" pending="0" />
  </ResultSummary>
  <TestDefinitions>
    <UnitTest name="TestMethod1" storage="c:\oss\mvcintegrationtest\src\example.mstest\bin\debug\example.mstest.dll" id="5ac826d5-b154-0517-8852-6be0168b0a57">
      <Execution id="b7ebdf2f-0d47-4832-a823-ca7f1b010938" />
      <TestMethod codeBase="C:/OSS/MvcIntegrationTest/src/Example.MsTest/bin/Debug/Example.MsTest.DLL" adapterTypeName="Microsoft.VisualStudio.TestTools.TestTypes.Unit.UnitTestAdapter, Microsoft.VisualStudio.QualityTools.Tips.UnitTest.Adapter, Version=10.0.0.0, Culture=neutral, PublicKeyToken=b03f5f7f11d50a3a" className="Example.MsTest.UnitTest1, Example.MsTest, Version=1.0.0.0, Culture=neutral, PublicKeyToken=null" name="TestMethod1" />
    </UnitTest>
  </TestDefinitions>
  <TestLists>
    <TestList name="Results Not in a List" id="8c84fa94-04c1-424b-9868-57a2d4851a1d" />
    <TestList name="All Loaded Results" id="19431567-8539-422a-85d7-44ee4e166bda" />
  </TestLists>
  <TestEntries>
    <TestEntry testId="5ac826d5-b154-0517-8852-6be0168b0a57" executionId="b7ebdf2f-0d47-4832-a823-ca7f1b010938" testListId="8c84fa94-04c1-424b-9868-57a2d4851a1d" />
  </TestEntries>
  <Results>
    <UnitTestResult executionId="b7ebdf2f-0d47-4832-a823-ca7f1b010938" testId="5ac826d5-b154-0517-8852-6be0168b0a57" testName="TestMethod1" computerName="CHRISORTMAN" duration="00:00:00.8550477" startTime="2010-05-21T09:25:29.6248356-05:00" endTime="2010-05-21T09:25:30.9299661-05:00" testType="13cdc9d9-ddb5-4fa4-a97d-d965ccfc6d4b" outcome="Failed" testListId="8c84fa94-04c1-424b-9868-57a2d4851a1d" relativeResultsDirectory="b7ebdf2f-0d47-4832-a823-ca7f1b010938">
      <Output>
        <ErrorInfo>
          <Message>Initialization method Example.MsTest.UnitTest1.Setup threw exception. System.InvalidOperationException: System.InvalidOperationException: Could not load MvcIntegrationTestFramework.dll within a bin directory under C:\OSS\MvcIntegrationTest\src\TestSite. Is this the path to your ASP.NET MVC application, and have you set up a post-build event to copy your test assemblies and their dependencies to this folder? See the demo project for an example..</Message>
          <StackTrace>    at MvcIntegrationTestFramework.Hosting.AppHost..ctor(String appPhysicalDirectory, String virtualDirectory) in C:\OSS\MvcIntegrationTest\src\MvcIntegrationTestFramework\Hosting\AppHost.cs:line 31
   at MvcIntegrationTestFramework.MvcControllerTest.InitializeAspNetRuntime(String pathToYourWebProject) in C:\OSS\MvcIntegrationTest\src\MvcIntegrationTestFramework\MvcIntegrationTest.cs:line 55
   at Example.MsTest.UnitTest1.Setup() in C:\OSS\MvcIntegrationTest\src\Example.MsTest\UnitTest1.cs:line 25
</StackTrace>
        </ErrorInfo>
      </Output>
    </UnitTestResult>
  </Results>
</TestRun>